10:25:29 DEBUG : Logs will be stored at 'C:/mueller/SOCL3/pictrlzync/vitiswsp/IDE.log'.
10:25:31 INFO  : Launching XSCT server: xsct.bat -n  -interactive C:\mueller\SOCL3\pictrlzync\vitiswsp\temp_xsdb_launch_script.tcl
10:25:31 INFO  : Registering command handlers for Vitis TCF services
10:25:32 INFO  : Platform repository initialization has completed.
10:25:34 INFO  : XSCT server has started successfully.
10:25:34 INFO  : plnx-install-location is set to ''
10:25:34 INFO  : Successfully done setting XSCT server connection channel  
10:25:37 INFO  : Successfully done setting workspace for the tool. 
10:25:37 INFO  : Successfully done query RDI_DATADIR 
10:30:16 INFO  : Result from executing command 'getProjects': zedbd_zynq
10:30:16 INFO  : Result from executing command 'getPlatforms': xilinx_vck190_base_202210_1|C:/Xilinx/Vitis/2022.1/base_platforms/xilinx_vck190_base_202210_1/xilinx_vck190_base_202210_1.xpfm;xilinx_vck190_base_dfx_202210_1|C:/Xilinx/Vitis/2022.1/base_platforms/xilinx_vck190_base_dfx_202210_1/xilinx_vck190_base_dfx_202210_1.xpfm;xilinx_vmk180_base_202210_1|C:/Xilinx/Vitis/2022.1/base_platforms/xilinx_vmk180_base_202210_1/xilinx_vmk180_base_202210_1.xpfm;xilinx_zcu102_base_202210_1|C:/Xilinx/Vitis/2022.1/base_platforms/xilinx_zcu102_base_202210_1/xilinx_zcu102_base_202210_1.xpfm;xilinx_zcu102_base_dfx_202210_1|C:/Xilinx/Vitis/2022.1/base_platforms/xilinx_zcu102_base_dfx_202210_1/xilinx_zcu102_base_dfx_202210_1.xpfm;xilinx_zcu104_base_202210_1|C:/Xilinx/Vitis/2022.1/base_platforms/xilinx_zcu104_base_202210_1/xilinx_zcu104_base_202210_1.xpfm
10:31:00 INFO  : Result from executing command 'getProjects': zedbd_zynq
10:31:00 INFO  : Result from executing command 'getPlatforms': xilinx_vck190_base_202210_1|C:/Xilinx/Vitis/2022.1/base_platforms/xilinx_vck190_base_202210_1/xilinx_vck190_base_202210_1.xpfm;xilinx_vck190_base_dfx_202210_1|C:/Xilinx/Vitis/2022.1/base_platforms/xilinx_vck190_base_dfx_202210_1/xilinx_vck190_base_dfx_202210_1.xpfm;xilinx_vmk180_base_202210_1|C:/Xilinx/Vitis/2022.1/base_platforms/xilinx_vmk180_base_202210_1/xilinx_vmk180_base_202210_1.xpfm;xilinx_zcu102_base_202210_1|C:/Xilinx/Vitis/2022.1/base_platforms/xilinx_zcu102_base_202210_1/xilinx_zcu102_base_202210_1.xpfm;xilinx_zcu102_base_dfx_202210_1|C:/Xilinx/Vitis/2022.1/base_platforms/xilinx_zcu102_base_dfx_202210_1/xilinx_zcu102_base_dfx_202210_1.xpfm;xilinx_zcu104_base_202210_1|C:/Xilinx/Vitis/2022.1/base_platforms/xilinx_zcu104_base_202210_1/xilinx_zcu104_base_202210_1.xpfm;zedbd_zynq|C:/mueller/SOCL3/pictrlzync/vitiswsp/zedbd_zynq/export/zedbd_zynq/zedbd_zynq.xpfm
10:40:05 INFO  : Checking for BSP changes to sync application flags for project 'pictrlver'...
10:51:48 INFO  : Connected to target on host '127.0.0.1' and port '3121'.
10:51:49 INFO  : Jtag cable 'Digilent Zed 210248553100' is selected.
10:51:49 INFO  : 'jtag frequency' command is executed.
10:51:49 INFO  : Context for 'APU' is selected.
10:51:49 INFO  : System reset is completed.
10:51:52 INFO  : 'after 3000' command is executed.
10:51:52 INFO  : 'targets -set -filter {jtag_cable_name =~ "Digilent Zed 210248553100" && level==0 && jtag_device_ctx=="jsn-Zed-210248553100-23727093-0"}' command is executed.
10:51:54 INFO  : Device configured successfully with "C:/mueller/SOCL3/pictrlzync/vitiswsp/pictrlver/_ide/bitstream/zedb_sys_wrapper.bit"
10:51:54 INFO  : Context for 'APU' is selected.
10:51:54 INFO  : Hardware design and registers information is loaded from 'C:/mueller/SOCL3/pictrlzync/vitiswsp/zedbd_zynq/export/zedbd_zynq/hw/zedb_sys_wrapper.xsa'.
10:51:54 INFO  : 'configparams force-mem-access 1' command is executed.
10:51:55 INFO  : Context for 'APU' is selected.
10:51:55 INFO  : Sourcing of 'C:/mueller/SOCL3/pictrlzync/vitiswsp/pictrlver/_ide/psinit/ps7_init.tcl' is done.
10:51:55 INFO  : 'ps7_init' command is executed.
10:51:55 INFO  : 'ps7_post_config' command is executed.
10:51:55 INFO  : Context for processor 'ps7_cortexa9_0' is selected.
10:51:55 INFO  : The application 'C:/mueller/SOCL3/pictrlzync/vitiswsp/pictrlver/Debug/pictrlver.elf' is downloaded to processor 'ps7_cortexa9_0'.
10:51:55 INFO  : 'configparams force-mem-access 0' command is executed.
10:51:55 INFO  : ----------------XSDB Script----------------
connect -url tcp:127.0.0.1:3121
targets -set -nocase -filter {name =~"APU*"}
rst -system
after 3000
targets -set -filter {jtag_cable_name =~ "Digilent Zed 210248553100" && level==0 && jtag_device_ctx=="jsn-Zed-210248553100-23727093-0"}
fpga -file C:/mueller/SOCL3/pictrlzync/vitiswsp/pictrlver/_ide/bitstream/zedb_sys_wrapper.bit
targets -set -nocase -filter {name =~"APU*"}
loadhw -hw C:/mueller/SOCL3/pictrlzync/vitiswsp/zedbd_zynq/export/zedbd_zynq/hw/zedb_sys_wrapper.xsa -mem-ranges [list {0x40000000 0xbfffffff}] -regs
configparams force-mem-access 1
targets -set -nocase -filter {name =~"APU*"}
source C:/mueller/SOCL3/pictrlzync/vitiswsp/pictrlver/_ide/psinit/ps7_init.tcl
ps7_init
ps7_post_config
targets -set -nocase -filter {name =~ "*A9*#0"}
dow C:/mueller/SOCL3/pictrlzync/vitiswsp/pictrlver/Debug/pictrlver.elf
configparams force-mem-access 0
----------------End of Script----------------

10:51:55 INFO  : Context for processor 'ps7_cortexa9_0' is selected.
10:51:55 INFO  : 'con' command is executed.
10:51:55 INFO  : ----------------XSDB Script (After Launch)----------------
targets -set -nocase -filter {name =~ "*A9*#0"}
con
----------------End of Script----------------

10:51:55 INFO  : Disconnected from the channel tcfchan#2.
10:52:56 INFO  : Connected to target on host '127.0.0.1' and port '3121'.
10:52:56 INFO  : Jtag cable 'Digilent Zed 210248553100' is selected.
10:52:56 INFO  : 'jtag frequency' command is executed.
10:52:56 INFO  : Context for 'APU' is selected.
10:52:57 INFO  : System reset is completed.
10:53:00 INFO  : 'after 3000' command is executed.
10:53:00 INFO  : 'targets -set -filter {jtag_cable_name =~ "Digilent Zed 210248553100" && level==0 && jtag_device_ctx=="jsn-Zed-210248553100-23727093-0"}' command is executed.
10:53:02 INFO  : Device configured successfully with "C:/mueller/SOCL3/pictrlzync/vitiswsp/pictrlver/_ide/bitstream/zedb_sys_wrapper.bit"
10:53:02 INFO  : Context for 'APU' is selected.
10:53:02 INFO  : Hardware design and registers information is loaded from 'C:/mueller/SOCL3/pictrlzync/vitiswsp/zedbd_zynq/export/zedbd_zynq/hw/zedb_sys_wrapper.xsa'.
10:53:02 INFO  : 'configparams force-mem-access 1' command is executed.
10:53:02 INFO  : Context for 'APU' is selected.
10:53:02 INFO  : Sourcing of 'C:/mueller/SOCL3/pictrlzync/vitiswsp/pictrlver/_ide/psinit/ps7_init.tcl' is done.
10:53:02 INFO  : 'ps7_init' command is executed.
10:53:02 INFO  : 'ps7_post_config' command is executed.
10:53:02 INFO  : Context for processor 'ps7_cortexa9_0' is selected.
10:53:03 INFO  : The application 'C:/mueller/SOCL3/pictrlzync/vitiswsp/pictrlver/Debug/pictrlver.elf' is downloaded to processor 'ps7_cortexa9_0'.
10:53:03 INFO  : 'configparams force-mem-access 0' command is executed.
10:53:03 INFO  : ----------------XSDB Script----------------
connect -url tcp:127.0.0.1:3121
targets -set -nocase -filter {name =~"APU*"}
rst -system
after 3000
targets -set -filter {jtag_cable_name =~ "Digilent Zed 210248553100" && level==0 && jtag_device_ctx=="jsn-Zed-210248553100-23727093-0"}
fpga -file C:/mueller/SOCL3/pictrlzync/vitiswsp/pictrlver/_ide/bitstream/zedb_sys_wrapper.bit
targets -set -nocase -filter {name =~"APU*"}
loadhw -hw C:/mueller/SOCL3/pictrlzync/vitiswsp/zedbd_zynq/export/zedbd_zynq/hw/zedb_sys_wrapper.xsa -mem-ranges [list {0x40000000 0xbfffffff}] -regs
configparams force-mem-access 1
targets -set -nocase -filter {name =~"APU*"}
source C:/mueller/SOCL3/pictrlzync/vitiswsp/pictrlver/_ide/psinit/ps7_init.tcl
ps7_init
ps7_post_config
targets -set -nocase -filter {name =~ "*A9*#0"}
dow C:/mueller/SOCL3/pictrlzync/vitiswsp/pictrlver/Debug/pictrlver.elf
configparams force-mem-access 0
----------------End of Script----------------

10:53:03 INFO  : Context for processor 'ps7_cortexa9_0' is selected.
10:53:03 INFO  : 'con' command is executed.
10:53:03 INFO  : ----------------XSDB Script (After Launch)----------------
targets -set -nocase -filter {name =~ "*A9*#0"}
con
----------------End of Script----------------

10:53:03 INFO  : Disconnected from the channel tcfchan#3.
10:53:35 INFO  : Checking for BSP changes to sync application flags for project 'pictrlver'...
10:53:44 INFO  : Connected to target on host '127.0.0.1' and port '3121'.
10:53:44 INFO  : Jtag cable 'Digilent Zed 210248553100' is selected.
10:53:44 INFO  : 'jtag frequency' command is executed.
10:53:44 INFO  : Context for 'APU' is selected.
10:53:44 INFO  : System reset is completed.
10:53:47 INFO  : 'after 3000' command is executed.
10:53:47 INFO  : Connected to target on host '127.0.0.1' and port '3121'.
10:53:47 INFO  : 'targets -set -filter {jtag_cable_name =~ "Digilent Zed 210248553100" && level==0 && jtag_device_ctx=="jsn-Zed-210248553100-23727093-0"}' command is executed.
10:53:50 INFO  : Device configured successfully with "C:/mueller/SOCL3/pictrlzync/vitiswsp/pictrlver/_ide/bitstream/zedb_sys_wrapper.bit"
10:53:50 INFO  : Context for 'APU' is selected.
10:53:50 INFO  : Hardware design and registers information is loaded from 'C:/mueller/SOCL3/pictrlzync/vitiswsp/zedbd_zynq/export/zedbd_zynq/hw/zedb_sys_wrapper.xsa'.
10:53:50 INFO  : 'configparams force-mem-access 1' command is executed.
10:53:50 INFO  : Context for 'APU' is selected.
10:53:50 INFO  : Sourcing of 'C:/mueller/SOCL3/pictrlzync/vitiswsp/pictrlver/_ide/psinit/ps7_init.tcl' is done.
10:53:50 INFO  : 'ps7_init' command is executed.
10:53:50 INFO  : 'ps7_post_config' command is executed.
10:53:50 INFO  : Context for processor 'ps7_cortexa9_0' is selected.
10:53:50 INFO  : The application 'C:/mueller/SOCL3/pictrlzync/vitiswsp/pictrlver/Debug/pictrlver.elf' is downloaded to processor 'ps7_cortexa9_0'.
10:53:50 INFO  : Jtag cable 'Digilent Zed 210248553100' is selected.
10:53:50 INFO  : 'configparams force-mem-access 0' command is executed.
10:53:50 INFO  : ----------------XSDB Script----------------
connect -url tcp:127.0.0.1:3121
targets -set -nocase -filter {name =~"APU*"}
rst -system
after 3000
targets -set -filter {jtag_cable_name =~ "Digilent Zed 210248553100" && level==0 && jtag_device_ctx=="jsn-Zed-210248553100-23727093-0"}
fpga -file C:/mueller/SOCL3/pictrlzync/vitiswsp/pictrlver/_ide/bitstream/zedb_sys_wrapper.bit
targets -set -nocase -filter {name =~"APU*"}
loadhw -hw C:/mueller/SOCL3/pictrlzync/vitiswsp/zedbd_zynq/export/zedbd_zynq/hw/zedb_sys_wrapper.xsa -mem-ranges [list {0x40000000 0xbfffffff}] -regs
configparams force-mem-access 1
targets -set -nocase -filter {name =~"APU*"}
source C:/mueller/SOCL3/pictrlzync/vitiswsp/pictrlver/_ide/psinit/ps7_init.tcl
ps7_init
ps7_post_config
targets -set -nocase -filter {name =~ "*A9*#0"}
dow C:/mueller/SOCL3/pictrlzync/vitiswsp/pictrlver/Debug/pictrlver.elf
configparams force-mem-access 0
----------------End of Script----------------

10:53:50 INFO  : 'jtag frequency' command is executed.
10:53:50 INFO  : Context for processor 'ps7_cortexa9_0' is selected.
10:53:50 INFO  : Context for 'APU' is selected.
10:53:51 INFO  : 'con' command is executed.
10:53:51 INFO  : ----------------XSDB Script (After Launch)----------------
targets -set -nocase -filter {name =~ "*A9*#0"}
con
----------------End of Script----------------

10:53:51 INFO  : System reset is completed.
10:53:51 INFO  : Disconnected from the channel tcfchan#4.
10:53:54 INFO  : 'after 3000' command is executed.
10:53:54 ERROR : Exception occured while running Program Device.
java.lang.RuntimeException: Invalid target. Use "connect" command to connect to hw_server/TCF agent
10:53:54 INFO  : ----------------XSDB Script----------------
connect -url tcp:127.0.0.1:3121
targets -set -nocase -filter {name =~"APU*"}
rst -system
after 3000
----------------End of Script----------------

10:53:54 ERROR : Invalid target. Use "connect" command to connect to hw_server/TCF agent
10:54:01 INFO  : Checking for BSP changes to sync application flags for project 'pictrlver'...
10:54:07 INFO  : Connected to target on host '127.0.0.1' and port '3121'.
10:54:07 INFO  : Jtag cable 'Digilent Zed 210248553100' is selected.
10:54:07 INFO  : 'jtag frequency' command is executed.
10:54:07 INFO  : Context for 'APU' is selected.
10:54:07 INFO  : System reset is completed.
10:54:10 INFO  : 'after 3000' command is executed.
10:54:10 INFO  : 'targets -set -filter {jtag_cable_name =~ "Digilent Zed 210248553100" && level==0 && jtag_device_ctx=="jsn-Zed-210248553100-23727093-0"}' command is executed.
10:54:13 INFO  : Device configured successfully with "C:/mueller/SOCL3/pictrlzync/vitiswsp/pictrlver/_ide/bitstream/zedb_sys_wrapper.bit"
10:54:13 INFO  : Context for 'APU' is selected.
10:54:13 INFO  : Hardware design and registers information is loaded from 'C:/mueller/SOCL3/pictrlzync/vitiswsp/zedbd_zynq/export/zedbd_zynq/hw/zedb_sys_wrapper.xsa'.
10:54:13 INFO  : 'configparams force-mem-access 1' command is executed.
10:54:13 INFO  : Context for 'APU' is selected.
10:54:13 INFO  : Sourcing of 'C:/mueller/SOCL3/pictrlzync/vitiswsp/pictrlver/_ide/psinit/ps7_init.tcl' is done.
10:54:13 INFO  : 'ps7_init' command is executed.
10:54:13 INFO  : 'ps7_post_config' command is executed.
10:54:13 INFO  : Context for processor 'ps7_cortexa9_0' is selected.
10:54:13 INFO  : The application 'C:/mueller/SOCL3/pictrlzync/vitiswsp/pictrlver/Debug/pictrlver.elf' is downloaded to processor 'ps7_cortexa9_0'.
10:54:13 INFO  : 'configparams force-mem-access 0' command is executed.
10:54:13 INFO  : ----------------XSDB Script----------------
connect -url tcp:127.0.0.1:3121
targets -set -nocase -filter {name =~"APU*"}
rst -system
after 3000
targets -set -filter {jtag_cable_name =~ "Digilent Zed 210248553100" && level==0 && jtag_device_ctx=="jsn-Zed-210248553100-23727093-0"}
fpga -file C:/mueller/SOCL3/pictrlzync/vitiswsp/pictrlver/_ide/bitstream/zedb_sys_wrapper.bit
targets -set -nocase -filter {name =~"APU*"}
loadhw -hw C:/mueller/SOCL3/pictrlzync/vitiswsp/zedbd_zynq/export/zedbd_zynq/hw/zedb_sys_wrapper.xsa -mem-ranges [list {0x40000000 0xbfffffff}] -regs
configparams force-mem-access 1
targets -set -nocase -filter {name =~"APU*"}
source C:/mueller/SOCL3/pictrlzync/vitiswsp/pictrlver/_ide/psinit/ps7_init.tcl
ps7_init
ps7_post_config
targets -set -nocase -filter {name =~ "*A9*#0"}
dow C:/mueller/SOCL3/pictrlzync/vitiswsp/pictrlver/Debug/pictrlver.elf
configparams force-mem-access 0
----------------End of Script----------------

10:54:13 INFO  : Context for processor 'ps7_cortexa9_0' is selected.
10:54:13 INFO  : 'con' command is executed.
10:54:13 INFO  : ----------------XSDB Script (After Launch)----------------
targets -set -nocase -filter {name =~ "*A9*#0"}
con
----------------End of Script----------------

10:54:13 INFO  : Disconnected from the channel tcfchan#5.
11:13:03 INFO  : Checking for BSP changes to sync application flags for project 'pictrlver'...
11:13:11 INFO  : Connected to target on host '127.0.0.1' and port '3121'.
11:13:11 INFO  : Jtag cable 'Digilent Zed 210248553100' is selected.
11:13:11 INFO  : 'jtag frequency' command is executed.
11:13:11 INFO  : Context for 'APU' is selected.
11:13:11 INFO  : System reset is completed.
11:13:14 INFO  : 'after 3000' command is executed.
11:13:15 INFO  : 'targets -set -filter {jtag_cable_name =~ "Digilent Zed 210248553100" && level==0 && jtag_device_ctx=="jsn-Zed-210248553100-23727093-0"}' command is executed.
11:13:17 INFO  : Device configured successfully with "C:/mueller/SOCL3/pictrlzync/vitiswsp/pictrlver/_ide/bitstream/zedb_sys_wrapper.bit"
11:13:17 INFO  : Context for 'APU' is selected.
11:13:17 INFO  : Hardware design and registers information is loaded from 'C:/mueller/SOCL3/pictrlzync/vitiswsp/zedbd_zynq/export/zedbd_zynq/hw/zedb_sys_wrapper.xsa'.
11:13:17 INFO  : 'configparams force-mem-access 1' command is executed.
11:13:17 INFO  : Context for 'APU' is selected.
11:13:17 INFO  : Sourcing of 'C:/mueller/SOCL3/pictrlzync/vitiswsp/pictrlver/_ide/psinit/ps7_init.tcl' is done.
11:13:17 INFO  : 'ps7_init' command is executed.
11:13:17 INFO  : 'ps7_post_config' command is executed.
11:13:17 INFO  : Context for processor 'ps7_cortexa9_0' is selected.
11:13:17 INFO  : The application 'C:/mueller/SOCL3/pictrlzync/vitiswsp/pictrlver/Debug/pictrlver.elf' is downloaded to processor 'ps7_cortexa9_0'.
11:13:17 INFO  : 'configparams force-mem-access 0' command is executed.
11:13:17 INFO  : ----------------XSDB Script----------------
connect -url tcp:127.0.0.1:3121
targets -set -nocase -filter {name =~"APU*"}
rst -system
after 3000
targets -set -filter {jtag_cable_name =~ "Digilent Zed 210248553100" && level==0 && jtag_device_ctx=="jsn-Zed-210248553100-23727093-0"}
fpga -file C:/mueller/SOCL3/pictrlzync/vitiswsp/pictrlver/_ide/bitstream/zedb_sys_wrapper.bit
targets -set -nocase -filter {name =~"APU*"}
loadhw -hw C:/mueller/SOCL3/pictrlzync/vitiswsp/zedbd_zynq/export/zedbd_zynq/hw/zedb_sys_wrapper.xsa -mem-ranges [list {0x40000000 0xbfffffff}] -regs
configparams force-mem-access 1
targets -set -nocase -filter {name =~"APU*"}
source C:/mueller/SOCL3/pictrlzync/vitiswsp/pictrlver/_ide/psinit/ps7_init.tcl
ps7_init
ps7_post_config
targets -set -nocase -filter {name =~ "*A9*#0"}
dow C:/mueller/SOCL3/pictrlzync/vitiswsp/pictrlver/Debug/pictrlver.elf
configparams force-mem-access 0
----------------End of Script----------------

11:13:17 INFO  : Context for processor 'ps7_cortexa9_0' is selected.
11:13:18 INFO  : 'con' command is executed.
11:13:18 INFO  : ----------------XSDB Script (After Launch)----------------
targets -set -nocase -filter {name =~ "*A9*#0"}
con
----------------End of Script----------------

11:13:18 INFO  : Disconnected from the channel tcfchan#6.
11:13:27 INFO  : Connected to target on host '127.0.0.1' and port '3121'.
11:13:28 INFO  : Jtag cable 'Digilent Zed 210248553100' is selected.
11:13:28 INFO  : 'jtag frequency' command is executed.
11:13:28 INFO  : Context for 'APU' is selected.
11:13:28 INFO  : System reset is completed.
11:13:31 INFO  : 'after 3000' command is executed.
11:13:31 INFO  : 'targets -set -filter {jtag_cable_name =~ "Digilent Zed 210248553100" && level==0 && jtag_device_ctx=="jsn-Zed-210248553100-23727093-0"}' command is executed.
11:13:33 INFO  : Device configured successfully with "C:/mueller/SOCL3/pictrlzync/vitiswsp/pictrlver/_ide/bitstream/zedb_sys_wrapper.bit"
11:13:33 INFO  : Context for 'APU' is selected.
11:13:33 INFO  : Hardware design and registers information is loaded from 'C:/mueller/SOCL3/pictrlzync/vitiswsp/zedbd_zynq/export/zedbd_zynq/hw/zedb_sys_wrapper.xsa'.
11:13:33 INFO  : 'configparams force-mem-access 1' command is executed.
11:13:33 INFO  : Context for 'APU' is selected.
11:13:33 INFO  : Sourcing of 'C:/mueller/SOCL3/pictrlzync/vitiswsp/pictrlver/_ide/psinit/ps7_init.tcl' is done.
11:13:34 INFO  : 'ps7_init' command is executed.
11:13:34 INFO  : 'ps7_post_config' command is executed.
11:13:34 INFO  : Context for processor 'ps7_cortexa9_0' is selected.
11:13:34 INFO  : The application 'C:/mueller/SOCL3/pictrlzync/vitiswsp/pictrlver/Debug/pictrlver.elf' is downloaded to processor 'ps7_cortexa9_0'.
11:13:34 INFO  : 'configparams force-mem-access 0' command is executed.
11:13:34 INFO  : ----------------XSDB Script----------------
connect -url tcp:127.0.0.1:3121
targets -set -nocase -filter {name =~"APU*"}
rst -system
after 3000
targets -set -filter {jtag_cable_name =~ "Digilent Zed 210248553100" && level==0 && jtag_device_ctx=="jsn-Zed-210248553100-23727093-0"}
fpga -file C:/mueller/SOCL3/pictrlzync/vitiswsp/pictrlver/_ide/bitstream/zedb_sys_wrapper.bit
targets -set -nocase -filter {name =~"APU*"}
loadhw -hw C:/mueller/SOCL3/pictrlzync/vitiswsp/zedbd_zynq/export/zedbd_zynq/hw/zedb_sys_wrapper.xsa -mem-ranges [list {0x40000000 0xbfffffff}] -regs
configparams force-mem-access 1
targets -set -nocase -filter {name =~"APU*"}
source C:/mueller/SOCL3/pictrlzync/vitiswsp/pictrlver/_ide/psinit/ps7_init.tcl
ps7_init
ps7_post_config
targets -set -nocase -filter {name =~ "*A9*#0"}
dow C:/mueller/SOCL3/pictrlzync/vitiswsp/pictrlver/Debug/pictrlver.elf
configparams force-mem-access 0
----------------End of Script----------------

11:13:34 INFO  : Context for processor 'ps7_cortexa9_0' is selected.
11:13:34 INFO  : 'con' command is executed.
11:13:34 INFO  : ----------------XSDB Script (After Launch)----------------
targets -set -nocase -filter {name =~ "*A9*#0"}
con
----------------End of Script----------------

11:13:34 INFO  : Disconnected from the channel tcfchan#7.
11:17:30 INFO  : Checking for BSP changes to sync application flags for project 'pictrlver'...
11:17:40 INFO  : Connected to target on host '127.0.0.1' and port '3121'.
11:17:40 INFO  : Jtag cable 'Digilent Zed 210248553100' is selected.
11:17:40 INFO  : 'jtag frequency' command is executed.
11:17:40 INFO  : Context for 'APU' is selected.
11:17:40 INFO  : System reset is completed.
11:17:43 INFO  : 'after 3000' command is executed.
11:17:44 INFO  : 'targets -set -filter {jtag_cable_name =~ "Digilent Zed 210248553100" && level==0 && jtag_device_ctx=="jsn-Zed-210248553100-23727093-0"}' command is executed.
11:17:46 INFO  : Device configured successfully with "C:/mueller/SOCL3/pictrlzync/vitiswsp/pictrlver/_ide/bitstream/zedb_sys_wrapper.bit"
11:17:46 INFO  : Context for 'APU' is selected.
11:17:46 INFO  : Hardware design and registers information is loaded from 'C:/mueller/SOCL3/pictrlzync/vitiswsp/zedbd_zynq/export/zedbd_zynq/hw/zedb_sys_wrapper.xsa'.
11:17:46 INFO  : 'configparams force-mem-access 1' command is executed.
11:17:46 INFO  : Context for 'APU' is selected.
11:17:46 INFO  : Sourcing of 'C:/mueller/SOCL3/pictrlzync/vitiswsp/pictrlver/_ide/psinit/ps7_init.tcl' is done.
11:17:46 INFO  : 'ps7_init' command is executed.
11:17:46 INFO  : 'ps7_post_config' command is executed.
11:17:46 INFO  : Context for processor 'ps7_cortexa9_0' is selected.
11:17:46 INFO  : The application 'C:/mueller/SOCL3/pictrlzync/vitiswsp/pictrlver/Debug/pictrlver.elf' is downloaded to processor 'ps7_cortexa9_0'.
11:17:47 INFO  : 'configparams force-mem-access 0' command is executed.
11:17:47 INFO  : ----------------XSDB Script----------------
connect -url tcp:127.0.0.1:3121
targets -set -nocase -filter {name =~"APU*"}
rst -system
after 3000
targets -set -filter {jtag_cable_name =~ "Digilent Zed 210248553100" && level==0 && jtag_device_ctx=="jsn-Zed-210248553100-23727093-0"}
fpga -file C:/mueller/SOCL3/pictrlzync/vitiswsp/pictrlver/_ide/bitstream/zedb_sys_wrapper.bit
targets -set -nocase -filter {name =~"APU*"}
loadhw -hw C:/mueller/SOCL3/pictrlzync/vitiswsp/zedbd_zynq/export/zedbd_zynq/hw/zedb_sys_wrapper.xsa -mem-ranges [list {0x40000000 0xbfffffff}] -regs
configparams force-mem-access 1
targets -set -nocase -filter {name =~"APU*"}
source C:/mueller/SOCL3/pictrlzync/vitiswsp/pictrlver/_ide/psinit/ps7_init.tcl
ps7_init
ps7_post_config
targets -set -nocase -filter {name =~ "*A9*#0"}
dow C:/mueller/SOCL3/pictrlzync/vitiswsp/pictrlver/Debug/pictrlver.elf
configparams force-mem-access 0
----------------End of Script----------------

11:17:47 INFO  : Context for processor 'ps7_cortexa9_0' is selected.
11:17:47 INFO  : 'con' command is executed.
11:17:47 INFO  : ----------------XSDB Script (After Launch)----------------
targets -set -nocase -filter {name =~ "*A9*#0"}
con
----------------End of Script----------------

11:17:47 INFO  : Disconnected from the channel tcfchan#8.
11:29:13 INFO  : Checking for BSP changes to sync application flags for project 'pictrlver'...
11:29:19 INFO  : Connected to target on host '127.0.0.1' and port '3121'.
11:29:20 INFO  : Jtag cable 'Digilent Zed 210248553100' is selected.
11:29:20 INFO  : 'jtag frequency' command is executed.
11:29:20 INFO  : Context for 'APU' is selected.
11:29:20 INFO  : System reset is completed.
11:29:23 INFO  : 'after 3000' command is executed.
11:29:23 INFO  : 'targets -set -filter {jtag_cable_name =~ "Digilent Zed 210248553100" && level==0 && jtag_device_ctx=="jsn-Zed-210248553100-23727093-0"}' command is executed.
11:29:26 INFO  : Device configured successfully with "C:/mueller/SOCL3/pictrlzync/vitiswsp/pictrlver/_ide/bitstream/zedb_sys_wrapper.bit"
11:29:26 INFO  : Context for 'APU' is selected.
11:29:26 INFO  : Hardware design and registers information is loaded from 'C:/mueller/SOCL3/pictrlzync/vitiswsp/zedbd_zynq/export/zedbd_zynq/hw/zedb_sys_wrapper.xsa'.
11:29:26 INFO  : 'configparams force-mem-access 1' command is executed.
11:29:26 INFO  : Context for 'APU' is selected.
11:29:26 INFO  : Sourcing of 'C:/mueller/SOCL3/pictrlzync/vitiswsp/pictrlver/_ide/psinit/ps7_init.tcl' is done.
11:29:26 INFO  : 'ps7_init' command is executed.
11:29:26 INFO  : 'ps7_post_config' command is executed.
11:29:26 INFO  : Context for processor 'ps7_cortexa9_0' is selected.
11:29:26 INFO  : The application 'C:/mueller/SOCL3/pictrlzync/vitiswsp/pictrlver/Debug/pictrlver.elf' is downloaded to processor 'ps7_cortexa9_0'.
11:29:26 INFO  : 'configparams force-mem-access 0' command is executed.
11:29:26 INFO  : ----------------XSDB Script----------------
connect -url tcp:127.0.0.1:3121
targets -set -nocase -filter {name =~"APU*"}
rst -system
after 3000
targets -set -filter {jtag_cable_name =~ "Digilent Zed 210248553100" && level==0 && jtag_device_ctx=="jsn-Zed-210248553100-23727093-0"}
fpga -file C:/mueller/SOCL3/pictrlzync/vitiswsp/pictrlver/_ide/bitstream/zedb_sys_wrapper.bit
targets -set -nocase -filter {name =~"APU*"}
loadhw -hw C:/mueller/SOCL3/pictrlzync/vitiswsp/zedbd_zynq/export/zedbd_zynq/hw/zedb_sys_wrapper.xsa -mem-ranges [list {0x40000000 0xbfffffff}] -regs
configparams force-mem-access 1
targets -set -nocase -filter {name =~"APU*"}
source C:/mueller/SOCL3/pictrlzync/vitiswsp/pictrlver/_ide/psinit/ps7_init.tcl
ps7_init
ps7_post_config
targets -set -nocase -filter {name =~ "*A9*#0"}
dow C:/mueller/SOCL3/pictrlzync/vitiswsp/pictrlver/Debug/pictrlver.elf
configparams force-mem-access 0
----------------End of Script----------------

11:29:26 INFO  : Context for processor 'ps7_cortexa9_0' is selected.
11:29:26 INFO  : 'con' command is executed.
11:29:26 INFO  : ----------------XSDB Script (After Launch)----------------
targets -set -nocase -filter {name =~ "*A9*#0"}
con
----------------End of Script----------------

11:29:26 INFO  : Disconnected from the channel tcfchan#9.
11:29:54 INFO  : Checking for BSP changes to sync application flags for project 'pictrlver'...
11:29:59 INFO  : Connected to target on host '127.0.0.1' and port '3121'.
11:29:59 INFO  : Jtag cable 'Digilent Zed 210248553100' is selected.
11:29:59 INFO  : 'jtag frequency' command is executed.
11:29:59 INFO  : Context for 'APU' is selected.
11:30:00 INFO  : System reset is completed.
11:30:03 INFO  : 'after 3000' command is executed.
11:30:03 INFO  : 'targets -set -filter {jtag_cable_name =~ "Digilent Zed 210248553100" && level==0 && jtag_device_ctx=="jsn-Zed-210248553100-23727093-0"}' command is executed.
11:30:05 INFO  : Device configured successfully with "C:/mueller/SOCL3/pictrlzync/vitiswsp/pictrlver/_ide/bitstream/zedb_sys_wrapper.bit"
11:30:05 INFO  : Context for 'APU' is selected.
11:30:05 INFO  : Hardware design and registers information is loaded from 'C:/mueller/SOCL3/pictrlzync/vitiswsp/zedbd_zynq/export/zedbd_zynq/hw/zedb_sys_wrapper.xsa'.
11:30:05 INFO  : 'configparams force-mem-access 1' command is executed.
11:30:05 INFO  : Context for 'APU' is selected.
11:30:05 INFO  : Sourcing of 'C:/mueller/SOCL3/pictrlzync/vitiswsp/pictrlver/_ide/psinit/ps7_init.tcl' is done.
11:30:05 INFO  : 'ps7_init' command is executed.
11:30:05 INFO  : 'ps7_post_config' command is executed.
11:30:05 INFO  : Context for processor 'ps7_cortexa9_0' is selected.
11:30:06 INFO  : The application 'C:/mueller/SOCL3/pictrlzync/vitiswsp/pictrlver/Debug/pictrlver.elf' is downloaded to processor 'ps7_cortexa9_0'.
11:30:06 INFO  : 'configparams force-mem-access 0' command is executed.
11:30:06 INFO  : ----------------XSDB Script----------------
connect -url tcp:127.0.0.1:3121
targets -set -nocase -filter {name =~"APU*"}
rst -system
after 3000
targets -set -filter {jtag_cable_name =~ "Digilent Zed 210248553100" && level==0 && jtag_device_ctx=="jsn-Zed-210248553100-23727093-0"}
fpga -file C:/mueller/SOCL3/pictrlzync/vitiswsp/pictrlver/_ide/bitstream/zedb_sys_wrapper.bit
targets -set -nocase -filter {name =~"APU*"}
loadhw -hw C:/mueller/SOCL3/pictrlzync/vitiswsp/zedbd_zynq/export/zedbd_zynq/hw/zedb_sys_wrapper.xsa -mem-ranges [list {0x40000000 0xbfffffff}] -regs
configparams force-mem-access 1
targets -set -nocase -filter {name =~"APU*"}
source C:/mueller/SOCL3/pictrlzync/vitiswsp/pictrlver/_ide/psinit/ps7_init.tcl
ps7_init
ps7_post_config
targets -set -nocase -filter {name =~ "*A9*#0"}
dow C:/mueller/SOCL3/pictrlzync/vitiswsp/pictrlver/Debug/pictrlver.elf
configparams force-mem-access 0
----------------End of Script----------------

11:30:06 INFO  : Context for processor 'ps7_cortexa9_0' is selected.
11:30:06 INFO  : 'con' command is executed.
11:30:06 INFO  : ----------------XSDB Script (After Launch)----------------
targets -set -nocase -filter {name =~ "*A9*#0"}
con
----------------End of Script----------------

11:30:06 INFO  : Disconnected from the channel tcfchan#10.
11:30:37 INFO  : Connected to target on host '127.0.0.1' and port '3121'.
11:30:37 INFO  : Jtag cable 'Digilent Zed 210248553100' is selected.
11:30:37 INFO  : 'jtag frequency' command is executed.
11:30:37 INFO  : Context for 'APU' is selected.
11:30:37 INFO  : System reset is completed.
11:30:40 INFO  : 'after 3000' command is executed.
11:30:40 INFO  : Connected to target on host '127.0.0.1' and port '3121'.
11:30:40 INFO  : 'targets -set -filter {jtag_cable_name =~ "Digilent Zed 210248553100" && level==0 && jtag_device_ctx=="jsn-Zed-210248553100-23727093-0"}' command is executed.
11:30:43 INFO  : Device configured successfully with "C:/mueller/SOCL3/pictrlzync/vitiswsp/pictrlver/_ide/bitstream/zedb_sys_wrapper.bit"
11:30:43 INFO  : Context for 'APU' is selected.
11:30:43 INFO  : Hardware design and registers information is loaded from 'C:/mueller/SOCL3/pictrlzync/vitiswsp/zedbd_zynq/export/zedbd_zynq/hw/zedb_sys_wrapper.xsa'.
11:30:43 INFO  : 'configparams force-mem-access 1' command is executed.
11:30:43 INFO  : Context for 'APU' is selected.
11:30:43 INFO  : Sourcing of 'C:/mueller/SOCL3/pictrlzync/vitiswsp/pictrlver/_ide/psinit/ps7_init.tcl' is done.
11:30:43 INFO  : 'ps7_init' command is executed.
11:30:43 INFO  : 'ps7_post_config' command is executed.
11:30:43 INFO  : Context for processor 'ps7_cortexa9_0' is selected.
11:30:43 INFO  : The application 'C:/mueller/SOCL3/pictrlzync/vitiswsp/pictrlver/Debug/pictrlver.elf' is downloaded to processor 'ps7_cortexa9_0'.
11:30:43 INFO  : Jtag cable 'Digilent Zed 210248553100' is selected.
11:30:43 INFO  : 'configparams force-mem-access 0' command is executed.
11:30:43 INFO  : ----------------XSDB Script----------------
connect -url tcp:127.0.0.1:3121
targets -set -nocase -filter {name =~"APU*"}
rst -system
after 3000
targets -set -filter {jtag_cable_name =~ "Digilent Zed 210248553100" && level==0 && jtag_device_ctx=="jsn-Zed-210248553100-23727093-0"}
fpga -file C:/mueller/SOCL3/pictrlzync/vitiswsp/pictrlver/_ide/bitstream/zedb_sys_wrapper.bit
targets -set -nocase -filter {name =~"APU*"}
loadhw -hw C:/mueller/SOCL3/pictrlzync/vitiswsp/zedbd_zynq/export/zedbd_zynq/hw/zedb_sys_wrapper.xsa -mem-ranges [list {0x40000000 0xbfffffff}] -regs
configparams force-mem-access 1
targets -set -nocase -filter {name =~"APU*"}
source C:/mueller/SOCL3/pictrlzync/vitiswsp/pictrlver/_ide/psinit/ps7_init.tcl
ps7_init
ps7_post_config
targets -set -nocase -filter {name =~ "*A9*#0"}
dow C:/mueller/SOCL3/pictrlzync/vitiswsp/pictrlver/Debug/pictrlver.elf
configparams force-mem-access 0
----------------End of Script----------------

11:30:43 INFO  : 'jtag frequency' command is executed.
11:30:43 INFO  : Context for processor 'ps7_cortexa9_0' is selected.
11:30:43 INFO  : Context for 'APU' is selected.
11:30:43 INFO  : 'con' command is executed.
11:30:43 INFO  : ----------------XSDB Script (After Launch)----------------
targets -set -nocase -filter {name =~ "*A9*#0"}
con
----------------End of Script----------------

11:30:44 INFO  : System reset is completed.
11:30:44 INFO  : Disconnected from the channel tcfchan#11.
11:30:47 INFO  : 'after 3000' command is executed.
11:30:47 ERROR : Exception occured while running Program Device.
java.lang.RuntimeException: Invalid target. Use "connect" command to connect to hw_server/TCF agent
11:30:47 INFO  : ----------------XSDB Script----------------
connect -url tcp:127.0.0.1:3121
targets -set -nocase -filter {name =~"APU*"}
rst -system
after 3000
----------------End of Script----------------

11:30:47 ERROR : Invalid target. Use "connect" command to connect to hw_server/TCF agent
11:31:18 INFO  : Checking for BSP changes to sync application flags for project 'pictrlver'...
11:31:24 INFO  : Connected to target on host '127.0.0.1' and port '3121'.
11:31:24 INFO  : Jtag cable 'Digilent Zed 210248553100' is selected.
11:31:24 INFO  : 'jtag frequency' command is executed.
11:31:24 INFO  : Context for 'APU' is selected.
11:31:24 INFO  : System reset is completed.
11:31:27 INFO  : 'after 3000' command is executed.
11:31:27 INFO  : 'targets -set -filter {jtag_cable_name =~ "Digilent Zed 210248553100" && level==0 && jtag_device_ctx=="jsn-Zed-210248553100-23727093-0"}' command is executed.
11:31:30 INFO  : Device configured successfully with "C:/mueller/SOCL3/pictrlzync/vitiswsp/pictrlver/_ide/bitstream/zedb_sys_wrapper.bit"
11:31:30 INFO  : Context for 'APU' is selected.
11:31:30 INFO  : Hardware design and registers information is loaded from 'C:/mueller/SOCL3/pictrlzync/vitiswsp/zedbd_zynq/export/zedbd_zynq/hw/zedb_sys_wrapper.xsa'.
11:31:30 INFO  : 'configparams force-mem-access 1' command is executed.
11:31:30 INFO  : Context for 'APU' is selected.
11:31:30 INFO  : Sourcing of 'C:/mueller/SOCL3/pictrlzync/vitiswsp/pictrlver/_ide/psinit/ps7_init.tcl' is done.
11:31:30 INFO  : 'ps7_init' command is executed.
11:31:30 INFO  : 'ps7_post_config' command is executed.
11:31:30 INFO  : Context for processor 'ps7_cortexa9_0' is selected.
11:31:30 INFO  : The application 'C:/mueller/SOCL3/pictrlzync/vitiswsp/pictrlver/Debug/pictrlver.elf' is downloaded to processor 'ps7_cortexa9_0'.
11:31:30 INFO  : 'configparams force-mem-access 0' command is executed.
11:31:30 INFO  : ----------------XSDB Script----------------
connect -url tcp:127.0.0.1:3121
targets -set -nocase -filter {name =~"APU*"}
rst -system
after 3000
targets -set -filter {jtag_cable_name =~ "Digilent Zed 210248553100" && level==0 && jtag_device_ctx=="jsn-Zed-210248553100-23727093-0"}
fpga -file C:/mueller/SOCL3/pictrlzync/vitiswsp/pictrlver/_ide/bitstream/zedb_sys_wrapper.bit
targets -set -nocase -filter {name =~"APU*"}
loadhw -hw C:/mueller/SOCL3/pictrlzync/vitiswsp/zedbd_zynq/export/zedbd_zynq/hw/zedb_sys_wrapper.xsa -mem-ranges [list {0x40000000 0xbfffffff}] -regs
configparams force-mem-access 1
targets -set -nocase -filter {name =~"APU*"}
source C:/mueller/SOCL3/pictrlzync/vitiswsp/pictrlver/_ide/psinit/ps7_init.tcl
ps7_init
ps7_post_config
targets -set -nocase -filter {name =~ "*A9*#0"}
dow C:/mueller/SOCL3/pictrlzync/vitiswsp/pictrlver/Debug/pictrlver.elf
configparams force-mem-access 0
----------------End of Script----------------

11:31:30 INFO  : Context for processor 'ps7_cortexa9_0' is selected.
11:31:30 INFO  : 'con' command is executed.
11:31:30 INFO  : ----------------XSDB Script (After Launch)----------------
targets -set -nocase -filter {name =~ "*A9*#0"}
con
----------------End of Script----------------

11:31:30 INFO  : Disconnected from the channel tcfchan#12.
11:32:13 INFO  : Connected to target on host '127.0.0.1' and port '3121'.
11:32:14 INFO  : Jtag cable 'Digilent Zed 210248553100' is selected.
11:32:14 INFO  : 'jtag frequency' command is executed.
11:32:14 INFO  : Context for 'APU' is selected.
11:32:14 INFO  : System reset is completed.
11:32:17 INFO  : 'after 3000' command is executed.
11:32:17 INFO  : Connected to target on host '127.0.0.1' and port '3121'.
11:32:17 INFO  : 'targets -set -filter {jtag_cable_name =~ "Digilent Zed 210248553100" && level==0 && jtag_device_ctx=="jsn-Zed-210248553100-23727093-0"}' command is executed.
11:32:19 INFO  : Device configured successfully with "C:/mueller/SOCL3/pictrlzync/vitiswsp/pictrlver/_ide/bitstream/zedb_sys_wrapper.bit"
11:32:19 INFO  : Context for 'APU' is selected.
11:32:19 INFO  : Hardware design and registers information is loaded from 'C:/mueller/SOCL3/pictrlzync/vitiswsp/zedbd_zynq/export/zedbd_zynq/hw/zedb_sys_wrapper.xsa'.
11:32:19 INFO  : 'configparams force-mem-access 1' command is executed.
11:32:19 INFO  : Context for 'APU' is selected.
11:32:19 INFO  : Sourcing of 'C:/mueller/SOCL3/pictrlzync/vitiswsp/pictrlver/_ide/psinit/ps7_init.tcl' is done.
11:32:20 INFO  : 'ps7_init' command is executed.
11:32:20 INFO  : 'ps7_post_config' command is executed.
11:32:20 INFO  : Jtag cable 'Digilent Zed 210248553100' is selected.
11:32:20 INFO  : Context for processor 'ps7_cortexa9_0' is selected.
11:32:20 INFO  : 'jtag frequency' command is executed.
11:32:20 INFO  : The application 'C:/mueller/SOCL3/pictrlzync/vitiswsp/pictrlver/Debug/pictrlver.elf' is downloaded to processor 'ps7_cortexa9_0'.
11:32:20 INFO  : Context for 'APU' is selected.
11:32:20 INFO  : 'configparams force-mem-access 0' command is executed.
11:32:20 INFO  : ----------------XSDB Script----------------
connect -url tcp:127.0.0.1:3121
targets -set -nocase -filter {name =~"APU*"}
rst -system
after 3000
targets -set -filter {jtag_cable_name =~ "Digilent Zed 210248553100" && level==0 && jtag_device_ctx=="jsn-Zed-210248553100-23727093-0"}
fpga -file C:/mueller/SOCL3/pictrlzync/vitiswsp/pictrlver/_ide/bitstream/zedb_sys_wrapper.bit
targets -set -nocase -filter {name =~"APU*"}
loadhw -hw C:/mueller/SOCL3/pictrlzync/vitiswsp/zedbd_zynq/export/zedbd_zynq/hw/zedb_sys_wrapper.xsa -mem-ranges [list {0x40000000 0xbfffffff}] -regs
configparams force-mem-access 1
targets -set -nocase -filter {name =~"APU*"}
source C:/mueller/SOCL3/pictrlzync/vitiswsp/pictrlver/_ide/psinit/ps7_init.tcl
ps7_init
ps7_post_config
targets -set -nocase -filter {name =~ "*A9*#0"}
dow C:/mueller/SOCL3/pictrlzync/vitiswsp/pictrlver/Debug/pictrlver.elf
configparams force-mem-access 0
----------------End of Script----------------

11:32:20 INFO  : System reset is completed.
11:32:20 INFO  : Context for processor 'ps7_cortexa9_0' is selected.
11:32:23 INFO  : 'after 3000' command is executed.
11:32:23 ERROR : Already running
11:32:23 INFO  : 'targets -set -filter {jtag_cable_name =~ "Digilent Zed 210248553100" && level==0 && jtag_device_ctx=="jsn-Zed-210248553100-23727093-0"}' command is executed.
11:32:26 INFO  : Device configured successfully with "C:/mueller/SOCL3/pictrlzync/vitiswsp/pictrlver/_ide/bitstream/zedb_sys_wrapper.bit"
11:32:26 INFO  : Context for 'APU' is selected.
11:32:26 INFO  : Hardware design and registers information is loaded from 'C:/mueller/SOCL3/pictrlzync/vitiswsp/zedbd_zynq/export/zedbd_zynq/hw/zedb_sys_wrapper.xsa'.
11:32:26 INFO  : 'configparams force-mem-access 1' command is executed.
11:32:26 INFO  : Context for 'APU' is selected.
11:32:26 INFO  : Sourcing of 'C:/mueller/SOCL3/pictrlzync/vitiswsp/pictrlver/_ide/psinit/ps7_init.tcl' is done.
11:32:26 INFO  : 'ps7_init' command is executed.
11:32:26 INFO  : 'ps7_post_config' command is executed.
11:32:26 INFO  : Context for processor 'ps7_cortexa9_0' is selected.
11:32:26 INFO  : The application 'C:/mueller/SOCL3/pictrlzync/vitiswsp/pictrlver/Debug/pictrlver.elf' is downloaded to processor 'ps7_cortexa9_0'.
11:32:26 INFO  : 'configparams force-mem-access 0' command is executed.
11:32:26 INFO  : ----------------XSDB Script----------------
connect -url tcp:127.0.0.1:3121
targets -set -nocase -filter {name =~"APU*"}
rst -system
after 3000
targets -set -filter {jtag_cable_name =~ "Digilent Zed 210248553100" && level==0 && jtag_device_ctx=="jsn-Zed-210248553100-23727093-0"}
fpga -file C:/mueller/SOCL3/pictrlzync/vitiswsp/pictrlver/_ide/bitstream/zedb_sys_wrapper.bit
targets -set -nocase -filter {name =~"APU*"}
loadhw -hw C:/mueller/SOCL3/pictrlzync/vitiswsp/zedbd_zynq/export/zedbd_zynq/hw/zedb_sys_wrapper.xsa -mem-ranges [list {0x40000000 0xbfffffff}] -regs
configparams force-mem-access 1
targets -set -nocase -filter {name =~"APU*"}
source C:/mueller/SOCL3/pictrlzync/vitiswsp/pictrlver/_ide/psinit/ps7_init.tcl
ps7_init
ps7_post_config
targets -set -nocase -filter {name =~ "*A9*#0"}
dow C:/mueller/SOCL3/pictrlzync/vitiswsp/pictrlver/Debug/pictrlver.elf
configparams force-mem-access 0
----------------End of Script----------------

11:32:26 INFO  : Context for processor 'ps7_cortexa9_0' is selected.
11:32:26 INFO  : 'con' command is executed.
11:32:26 INFO  : ----------------XSDB Script (After Launch)----------------
targets -set -nocase -filter {name =~ "*A9*#0"}
con
----------------End of Script----------------

11:32:26 INFO  : Disconnected from the channel tcfchan#13.
12:13:15 INFO  : Connected to target on host '127.0.0.1' and port '3121'.
12:13:33 INFO  : ----------------XSDB Script----------------
connect -url tcp:127.0.0.1:3121
----------------End of Script----------------

12:13:33 ERROR : Could not find ARM device on the board for connection 'Local'.
Check if the target is in:
1. Split JTAG - No operations are possible with ARM DAP.
2. Non JTAG bootmode - Bootrom may need time to enable DAP.
Please try again.


Troubleshooting hints:
1. Check whether board is connected to system properly.
2. In case of zynq board, check whether Digilent/Xilinx cable switch settings are correct.
3. If you are using Xilinx Platform Cable USB, ensure that status LED is green.
12:14:16 INFO  : Connected to target on host '127.0.0.1' and port '3121'.
12:14:17 INFO  : Jtag cable 'Digilent Zed 210248553100' is selected.
12:14:17 INFO  : 'jtag frequency' command is executed.
12:14:17 INFO  : Context for 'APU' is selected.
12:14:17 INFO  : System reset is completed.
12:14:20 INFO  : 'after 3000' command is executed.
12:14:20 INFO  : 'targets -set -filter {jtag_cable_name =~ "Digilent Zed 210248553100" && level==0 && jtag_device_ctx=="jsn-Zed-210248553100-23727093-0"}' command is executed.
12:14:22 INFO  : Device configured successfully with "C:/mueller/SOCL3/pictrlzync/vitiswsp/pictrlver/_ide/bitstream/zedb_sys_wrapper.bit"
12:14:22 INFO  : Context for 'APU' is selected.
12:14:22 INFO  : Hardware design and registers information is loaded from 'C:/mueller/SOCL3/pictrlzync/vitiswsp/zedbd_zynq/export/zedbd_zynq/hw/zedb_sys_wrapper.xsa'.
12:14:22 INFO  : 'configparams force-mem-access 1' command is executed.
12:14:22 INFO  : Context for 'APU' is selected.
12:14:22 INFO  : Sourcing of 'C:/mueller/SOCL3/pictrlzync/vitiswsp/pictrlver/_ide/psinit/ps7_init.tcl' is done.
12:14:23 INFO  : 'ps7_init' command is executed.
12:14:23 INFO  : 'ps7_post_config' command is executed.
12:14:23 INFO  : Context for processor 'ps7_cortexa9_0' is selected.
12:14:23 INFO  : The application 'C:/mueller/SOCL3/pictrlzync/vitiswsp/pictrlver/Debug/pictrlver.elf' is downloaded to processor 'ps7_cortexa9_0'.
12:14:23 INFO  : 'configparams force-mem-access 0' command is executed.
12:14:23 INFO  : ----------------XSDB Script----------------
connect -url tcp:127.0.0.1:3121
targets -set -nocase -filter {name =~"APU*"}
rst -system
after 3000
targets -set -filter {jtag_cable_name =~ "Digilent Zed 210248553100" && level==0 && jtag_device_ctx=="jsn-Zed-210248553100-23727093-0"}
fpga -file C:/mueller/SOCL3/pictrlzync/vitiswsp/pictrlver/_ide/bitstream/zedb_sys_wrapper.bit
targets -set -nocase -filter {name =~"APU*"}
loadhw -hw C:/mueller/SOCL3/pictrlzync/vitiswsp/zedbd_zynq/export/zedbd_zynq/hw/zedb_sys_wrapper.xsa -mem-ranges [list {0x40000000 0xbfffffff}] -regs
configparams force-mem-access 1
targets -set -nocase -filter {name =~"APU*"}
source C:/mueller/SOCL3/pictrlzync/vitiswsp/pictrlver/_ide/psinit/ps7_init.tcl
ps7_init
ps7_post_config
targets -set -nocase -filter {name =~ "*A9*#0"}
dow C:/mueller/SOCL3/pictrlzync/vitiswsp/pictrlver/Debug/pictrlver.elf
configparams force-mem-access 0
----------------End of Script----------------

12:14:23 INFO  : Context for processor 'ps7_cortexa9_0' is selected.
12:14:23 INFO  : 'con' command is executed.
12:14:23 INFO  : ----------------XSDB Script (After Launch)----------------
targets -set -nocase -filter {name =~ "*A9*#0"}
con
----------------End of Script----------------

12:14:23 INFO  : Disconnected from the channel tcfchan#14.
12:14:39 INFO  : Connected to target on host '127.0.0.1' and port '3121'.
12:14:39 INFO  : Jtag cable 'Digilent Zed 210248553100' is selected.
12:14:39 INFO  : 'jtag frequency' command is executed.
12:14:39 INFO  : Context for 'APU' is selected.
12:14:39 INFO  : System reset is completed.
12:14:42 INFO  : 'after 3000' command is executed.
12:14:42 INFO  : 'targets -set -filter {jtag_cable_name =~ "Digilent Zed 210248553100" && level==0 && jtag_device_ctx=="jsn-Zed-210248553100-23727093-0"}' command is executed.
12:14:45 INFO  : Device configured successfully with "C:/mueller/SOCL3/pictrlzync/vitiswsp/pictrlver/_ide/bitstream/zedb_sys_wrapper.bit"
12:14:45 INFO  : Context for 'APU' is selected.
12:14:45 INFO  : Hardware design and registers information is loaded from 'C:/mueller/SOCL3/pictrlzync/vitiswsp/zedbd_zynq/export/zedbd_zynq/hw/zedb_sys_wrapper.xsa'.
12:14:45 INFO  : 'configparams force-mem-access 1' command is executed.
12:14:45 INFO  : Context for 'APU' is selected.
12:14:45 INFO  : Sourcing of 'C:/mueller/SOCL3/pictrlzync/vitiswsp/pictrlver/_ide/psinit/ps7_init.tcl' is done.
12:14:45 INFO  : 'ps7_init' command is executed.
12:14:45 INFO  : 'ps7_post_config' command is executed.
12:14:45 INFO  : Context for processor 'ps7_cortexa9_0' is selected.
12:14:45 INFO  : The application 'C:/mueller/SOCL3/pictrlzync/vitiswsp/pictrlver/Debug/pictrlver.elf' is downloaded to processor 'ps7_cortexa9_0'.
12:14:45 INFO  : 'configparams force-mem-access 0' command is executed.
12:14:45 INFO  : ----------------XSDB Script----------------
connect -url tcp:127.0.0.1:3121
targets -set -nocase -filter {name =~"APU*"}
rst -system
after 3000
targets -set -filter {jtag_cable_name =~ "Digilent Zed 210248553100" && level==0 && jtag_device_ctx=="jsn-Zed-210248553100-23727093-0"}
fpga -file C:/mueller/SOCL3/pictrlzync/vitiswsp/pictrlver/_ide/bitstream/zedb_sys_wrapper.bit
targets -set -nocase -filter {name =~"APU*"}
loadhw -hw C:/mueller/SOCL3/pictrlzync/vitiswsp/zedbd_zynq/export/zedbd_zynq/hw/zedb_sys_wrapper.xsa -mem-ranges [list {0x40000000 0xbfffffff}] -regs
configparams force-mem-access 1
targets -set -nocase -filter {name =~"APU*"}
source C:/mueller/SOCL3/pictrlzync/vitiswsp/pictrlver/_ide/psinit/ps7_init.tcl
ps7_init
ps7_post_config
targets -set -nocase -filter {name =~ "*A9*#0"}
dow C:/mueller/SOCL3/pictrlzync/vitiswsp/pictrlver/Debug/pictrlver.elf
configparams force-mem-access 0
----------------End of Script----------------

12:14:46 INFO  : Context for processor 'ps7_cortexa9_0' is selected.
12:14:46 INFO  : 'con' command is executed.
12:14:46 INFO  : ----------------XSDB Script (After Launch)----------------
targets -set -nocase -filter {name =~ "*A9*#0"}
con
----------------End of Script----------------

12:14:46 INFO  : Disconnected from the channel tcfchan#15.
12:35:13 INFO  : Checking for BSP changes to sync application flags for project 'pictrlver'...
12:35:27 INFO  : Checking for BSP changes to sync application flags for project 'pictrlver'...
12:35:36 INFO  : Connected to target on host '127.0.0.1' and port '3121'.
12:35:37 INFO  : Jtag cable 'Digilent Zed 210248553100' is selected.
12:35:37 INFO  : 'jtag frequency' command is executed.
12:35:37 INFO  : Context for 'APU' is selected.
12:35:37 INFO  : System reset is completed.
12:35:40 INFO  : 'after 3000' command is executed.
12:35:40 INFO  : 'targets -set -filter {jtag_cable_name =~ "Digilent Zed 210248553100" && level==0 && jtag_device_ctx=="jsn-Zed-210248553100-23727093-0"}' command is executed.
12:35:42 INFO  : Device configured successfully with "C:/mueller/SOCL3/pictrlzync/vitiswsp/pictrlver/_ide/bitstream/zedb_sys_wrapper.bit"
12:35:42 INFO  : Context for 'APU' is selected.
12:35:42 INFO  : Hardware design and registers information is loaded from 'C:/mueller/SOCL3/pictrlzync/vitiswsp/zedbd_zynq/export/zedbd_zynq/hw/zedb_sys_wrapper.xsa'.
12:35:42 INFO  : 'configparams force-mem-access 1' command is executed.
12:35:42 INFO  : Context for 'APU' is selected.
12:35:42 INFO  : Sourcing of 'C:/mueller/SOCL3/pictrlzync/vitiswsp/pictrlver/_ide/psinit/ps7_init.tcl' is done.
12:35:43 INFO  : 'ps7_init' command is executed.
12:35:43 INFO  : 'ps7_post_config' command is executed.
12:35:43 INFO  : Context for processor 'ps7_cortexa9_0' is selected.
12:35:43 INFO  : The application 'C:/mueller/SOCL3/pictrlzync/vitiswsp/pictrlver/Debug/pictrlver.elf' is downloaded to processor 'ps7_cortexa9_0'.
12:35:43 INFO  : 'configparams force-mem-access 0' command is executed.
12:35:43 INFO  : ----------------XSDB Script----------------
connect -url tcp:127.0.0.1:3121
targets -set -nocase -filter {name =~"APU*"}
rst -system
after 3000
targets -set -filter {jtag_cable_name =~ "Digilent Zed 210248553100" && level==0 && jtag_device_ctx=="jsn-Zed-210248553100-23727093-0"}
fpga -file C:/mueller/SOCL3/pictrlzync/vitiswsp/pictrlver/_ide/bitstream/zedb_sys_wrapper.bit
targets -set -nocase -filter {name =~"APU*"}
loadhw -hw C:/mueller/SOCL3/pictrlzync/vitiswsp/zedbd_zynq/export/zedbd_zynq/hw/zedb_sys_wrapper.xsa -mem-ranges [list {0x40000000 0xbfffffff}] -regs
configparams force-mem-access 1
targets -set -nocase -filter {name =~"APU*"}
source C:/mueller/SOCL3/pictrlzync/vitiswsp/pictrlver/_ide/psinit/ps7_init.tcl
ps7_init
ps7_post_config
targets -set -nocase -filter {name =~ "*A9*#0"}
dow C:/mueller/SOCL3/pictrlzync/vitiswsp/pictrlver/Debug/pictrlver.elf
configparams force-mem-access 0
----------------End of Script----------------

12:35:43 INFO  : Context for processor 'ps7_cortexa9_0' is selected.
12:35:43 INFO  : 'con' command is executed.
12:35:43 INFO  : ----------------XSDB Script (After Launch)----------------
targets -set -nocase -filter {name =~ "*A9*#0"}
con
----------------End of Script----------------

12:35:43 INFO  : Disconnected from the channel tcfchan#16.
13:07:04 INFO  : Checking for BSP changes to sync application flags for project 'pictrlver'...
13:07:24 INFO  : Connected to target on host '127.0.0.1' and port '3121'.
13:07:24 INFO  : Jtag cable 'Digilent Zed 210248553100' is selected.
13:07:24 INFO  : 'jtag frequency' command is executed.
13:07:24 INFO  : Context for 'APU' is selected.
13:07:24 INFO  : System reset is completed.
13:07:27 INFO  : 'after 3000' command is executed.
13:07:27 INFO  : 'targets -set -filter {jtag_cable_name =~ "Digilent Zed 210248553100" && level==0 && jtag_device_ctx=="jsn-Zed-210248553100-23727093-0"}' command is executed.
13:07:30 INFO  : Device configured successfully with "C:/mueller/SOCL3/pictrlzync/vitiswsp/pictrlver/_ide/bitstream/zedb_sys_wrapper.bit"
13:07:30 INFO  : Context for 'APU' is selected.
13:07:30 INFO  : Hardware design and registers information is loaded from 'C:/mueller/SOCL3/pictrlzync/vitiswsp/zedbd_zynq/export/zedbd_zynq/hw/zedb_sys_wrapper.xsa'.
13:07:30 INFO  : 'configparams force-mem-access 1' command is executed.
13:07:30 INFO  : Context for 'APU' is selected.
13:07:30 INFO  : Sourcing of 'C:/mueller/SOCL3/pictrlzync/vitiswsp/pictrlver/_ide/psinit/ps7_init.tcl' is done.
13:07:30 INFO  : 'ps7_init' command is executed.
13:07:30 INFO  : 'ps7_post_config' command is executed.
13:07:30 INFO  : Context for processor 'ps7_cortexa9_0' is selected.
13:07:30 INFO  : The application 'C:/mueller/SOCL3/pictrlzync/vitiswsp/pictrlver/Debug/pictrlver.elf' is downloaded to processor 'ps7_cortexa9_0'.
13:07:30 INFO  : 'configparams force-mem-access 0' command is executed.
13:07:30 INFO  : ----------------XSDB Script----------------
connect -url tcp:127.0.0.1:3121
targets -set -nocase -filter {name =~"APU*"}
rst -system
after 3000
targets -set -filter {jtag_cable_name =~ "Digilent Zed 210248553100" && level==0 && jtag_device_ctx=="jsn-Zed-210248553100-23727093-0"}
fpga -file C:/mueller/SOCL3/pictrlzync/vitiswsp/pictrlver/_ide/bitstream/zedb_sys_wrapper.bit
targets -set -nocase -filter {name =~"APU*"}
loadhw -hw C:/mueller/SOCL3/pictrlzync/vitiswsp/zedbd_zynq/export/zedbd_zynq/hw/zedb_sys_wrapper.xsa -mem-ranges [list {0x40000000 0xbfffffff}] -regs
configparams force-mem-access 1
targets -set -nocase -filter {name =~"APU*"}
source C:/mueller/SOCL3/pictrlzync/vitiswsp/pictrlver/_ide/psinit/ps7_init.tcl
ps7_init
ps7_post_config
targets -set -nocase -filter {name =~ "*A9*#0"}
dow C:/mueller/SOCL3/pictrlzync/vitiswsp/pictrlver/Debug/pictrlver.elf
configparams force-mem-access 0
----------------End of Script----------------

13:07:30 INFO  : Context for processor 'ps7_cortexa9_0' is selected.
13:07:30 INFO  : 'con' command is executed.
13:07:30 INFO  : ----------------XSDB Script (After Launch)----------------
targets -set -nocase -filter {name =~ "*A9*#0"}
con
----------------End of Script----------------

13:07:30 INFO  : Disconnected from the channel tcfchan#17.
13:07:49 INFO  : Checking for BSP changes to sync application flags for project 'pictrlver'...
13:07:57 INFO  : Connected to target on host '127.0.0.1' and port '3121'.
13:07:57 INFO  : Jtag cable 'Digilent Zed 210248553100' is selected.
13:07:57 INFO  : 'jtag frequency' command is executed.
13:07:57 INFO  : Context for 'APU' is selected.
13:07:57 INFO  : System reset is completed.
13:07:57 INFO  : Connected to target on host '127.0.0.1' and port '3121'.
13:08:00 INFO  : 'after 3000' command is executed.
13:08:00 INFO  : 'targets -set -filter {jtag_cable_name =~ "Digilent Zed 210248553100" && level==0 && jtag_device_ctx=="jsn-Zed-210248553100-23727093-0"}' command is executed.
13:08:03 INFO  : Device configured successfully with "C:/mueller/SOCL3/pictrlzync/vitiswsp/pictrlver/_ide/bitstream/zedb_sys_wrapper.bit"
13:08:03 INFO  : Context for 'APU' is selected.
13:08:03 INFO  : Hardware design and registers information is loaded from 'C:/mueller/SOCL3/pictrlzync/vitiswsp/zedbd_zynq/export/zedbd_zynq/hw/zedb_sys_wrapper.xsa'.
13:08:03 INFO  : 'configparams force-mem-access 1' command is executed.
13:08:03 INFO  : Context for 'APU' is selected.
13:08:03 INFO  : Sourcing of 'C:/mueller/SOCL3/pictrlzync/vitiswsp/pictrlver/_ide/psinit/ps7_init.tcl' is done.
13:08:03 INFO  : 'ps7_init' command is executed.
13:08:03 INFO  : 'ps7_post_config' command is executed.
13:08:03 INFO  : Context for processor 'ps7_cortexa9_0' is selected.
13:08:03 INFO  : The application 'C:/mueller/SOCL3/pictrlzync/vitiswsp/pictrlver/Debug/pictrlver.elf' is downloaded to processor 'ps7_cortexa9_0'.
13:08:03 INFO  : Jtag cable 'Digilent Zed 210248553100' is selected.
13:08:03 INFO  : 'configparams force-mem-access 0' command is executed.
13:08:03 INFO  : ----------------XSDB Script----------------
connect -url tcp:127.0.0.1:3121
targets -set -nocase -filter {name =~"APU*"}
rst -system
after 3000
targets -set -filter {jtag_cable_name =~ "Digilent Zed 210248553100" && level==0 && jtag_device_ctx=="jsn-Zed-210248553100-23727093-0"}
fpga -file C:/mueller/SOCL3/pictrlzync/vitiswsp/pictrlver/_ide/bitstream/zedb_sys_wrapper.bit
targets -set -nocase -filter {name =~"APU*"}
loadhw -hw C:/mueller/SOCL3/pictrlzync/vitiswsp/zedbd_zynq/export/zedbd_zynq/hw/zedb_sys_wrapper.xsa -mem-ranges [list {0x40000000 0xbfffffff}] -regs
configparams force-mem-access 1
targets -set -nocase -filter {name =~"APU*"}
source C:/mueller/SOCL3/pictrlzync/vitiswsp/pictrlver/_ide/psinit/ps7_init.tcl
ps7_init
ps7_post_config
targets -set -nocase -filter {name =~ "*A9*#0"}
dow C:/mueller/SOCL3/pictrlzync/vitiswsp/pictrlver/Debug/pictrlver.elf
configparams force-mem-access 0
----------------End of Script----------------

13:08:03 INFO  : 'jtag frequency' command is executed.
13:08:03 INFO  : Context for processor 'ps7_cortexa9_0' is selected.
13:08:03 INFO  : Context for 'APU' is selected.
13:08:03 INFO  : 'con' command is executed.
13:08:03 INFO  : ----------------XSDB Script (After Launch)----------------
targets -set -nocase -filter {name =~ "*A9*#0"}
con
----------------End of Script----------------

13:08:04 INFO  : System reset is completed.
13:08:04 INFO  : Disconnected from the channel tcfchan#18.
13:08:07 INFO  : 'after 3000' command is executed.
13:08:07 ERROR : Exception occured while running Program Device.
java.lang.RuntimeException: Invalid target. Use "connect" command to connect to hw_server/TCF agent
13:08:07 INFO  : ----------------XSDB Script----------------
connect -url tcp:127.0.0.1:3121
targets -set -nocase -filter {name =~"APU*"}
rst -system
after 3000
----------------End of Script----------------

13:08:07 ERROR : Invalid target. Use "connect" command to connect to hw_server/TCF agent
13:08:20 INFO  : Connected to target on host '127.0.0.1' and port '3121'.
13:08:20 INFO  : Jtag cable 'Digilent Zed 210248553100' is selected.
13:08:20 INFO  : 'jtag frequency' command is executed.
13:08:20 INFO  : Context for 'APU' is selected.
13:08:20 INFO  : System reset is completed.
13:08:23 INFO  : 'after 3000' command is executed.
13:08:23 INFO  : 'targets -set -filter {jtag_cable_name =~ "Digilent Zed 210248553100" && level==0 && jtag_device_ctx=="jsn-Zed-210248553100-23727093-0"}' command is executed.
13:08:26 INFO  : Device configured successfully with "C:/mueller/SOCL3/pictrlzync/vitiswsp/pictrlver/_ide/bitstream/zedb_sys_wrapper.bit"
13:08:26 INFO  : Context for 'APU' is selected.
13:08:26 INFO  : Hardware design and registers information is loaded from 'C:/mueller/SOCL3/pictrlzync/vitiswsp/zedbd_zynq/export/zedbd_zynq/hw/zedb_sys_wrapper.xsa'.
13:08:26 INFO  : 'configparams force-mem-access 1' command is executed.
13:08:26 INFO  : Context for 'APU' is selected.
13:08:26 INFO  : Sourcing of 'C:/mueller/SOCL3/pictrlzync/vitiswsp/pictrlver/_ide/psinit/ps7_init.tcl' is done.
13:08:26 INFO  : 'ps7_init' command is executed.
13:08:26 INFO  : 'ps7_post_config' command is executed.
13:08:26 INFO  : Context for processor 'ps7_cortexa9_0' is selected.
13:08:26 INFO  : The application 'C:/mueller/SOCL3/pictrlzync/vitiswsp/pictrlver/Debug/pictrlver.elf' is downloaded to processor 'ps7_cortexa9_0'.
13:08:26 INFO  : 'configparams force-mem-access 0' command is executed.
13:08:26 INFO  : ----------------XSDB Script----------------
connect -url tcp:127.0.0.1:3121
targets -set -nocase -filter {name =~"APU*"}
rst -system
after 3000
targets -set -filter {jtag_cable_name =~ "Digilent Zed 210248553100" && level==0 && jtag_device_ctx=="jsn-Zed-210248553100-23727093-0"}
fpga -file C:/mueller/SOCL3/pictrlzync/vitiswsp/pictrlver/_ide/bitstream/zedb_sys_wrapper.bit
targets -set -nocase -filter {name =~"APU*"}
loadhw -hw C:/mueller/SOCL3/pictrlzync/vitiswsp/zedbd_zynq/export/zedbd_zynq/hw/zedb_sys_wrapper.xsa -mem-ranges [list {0x40000000 0xbfffffff}] -regs
configparams force-mem-access 1
targets -set -nocase -filter {name =~"APU*"}
source C:/mueller/SOCL3/pictrlzync/vitiswsp/pictrlver/_ide/psinit/ps7_init.tcl
ps7_init
ps7_post_config
targets -set -nocase -filter {name =~ "*A9*#0"}
dow C:/mueller/SOCL3/pictrlzync/vitiswsp/pictrlver/Debug/pictrlver.elf
configparams force-mem-access 0
----------------End of Script----------------

13:08:26 INFO  : Context for processor 'ps7_cortexa9_0' is selected.
13:08:26 INFO  : 'con' command is executed.
13:08:26 INFO  : ----------------XSDB Script (After Launch)----------------
targets -set -nocase -filter {name =~ "*A9*#0"}
con
----------------End of Script----------------

13:08:26 INFO  : Disconnected from the channel tcfchan#19.
13:09:15 INFO  : Checking for BSP changes to sync application flags for project 'pictrlver'...
13:09:26 INFO  : Checking for BSP changes to sync application flags for project 'pictrlver'...
13:09:33 INFO  : Connected to target on host '127.0.0.1' and port '3121'.
13:09:33 INFO  : Jtag cable 'Digilent Zed 210248553100' is selected.
13:09:33 INFO  : 'jtag frequency' command is executed.
13:09:33 INFO  : Context for 'APU' is selected.
13:09:34 INFO  : System reset is completed.
13:09:37 INFO  : 'after 3000' command is executed.
13:09:37 INFO  : 'targets -set -filter {jtag_cable_name =~ "Digilent Zed 210248553100" && level==0 && jtag_device_ctx=="jsn-Zed-210248553100-23727093-0"}' command is executed.
13:09:39 INFO  : Device configured successfully with "C:/mueller/SOCL3/pictrlzync/vitiswsp/pictrlver/_ide/bitstream/zedb_sys_wrapper.bit"
13:09:39 INFO  : Context for 'APU' is selected.
13:09:39 INFO  : Hardware design and registers information is loaded from 'C:/mueller/SOCL3/pictrlzync/vitiswsp/zedbd_zynq/export/zedbd_zynq/hw/zedb_sys_wrapper.xsa'.
13:09:39 INFO  : 'configparams force-mem-access 1' command is executed.
13:09:39 INFO  : Context for 'APU' is selected.
13:09:39 INFO  : Sourcing of 'C:/mueller/SOCL3/pictrlzync/vitiswsp/pictrlver/_ide/psinit/ps7_init.tcl' is done.
13:09:40 INFO  : 'ps7_init' command is executed.
13:09:40 INFO  : 'ps7_post_config' command is executed.
13:09:40 INFO  : Context for processor 'ps7_cortexa9_0' is selected.
13:09:40 INFO  : The application 'C:/mueller/SOCL3/pictrlzync/vitiswsp/pictrlver/Debug/pictrlver.elf' is downloaded to processor 'ps7_cortexa9_0'.
13:09:40 INFO  : 'configparams force-mem-access 0' command is executed.
13:09:40 INFO  : ----------------XSDB Script----------------
connect -url tcp:127.0.0.1:3121
targets -set -nocase -filter {name =~"APU*"}
rst -system
after 3000
targets -set -filter {jtag_cable_name =~ "Digilent Zed 210248553100" && level==0 && jtag_device_ctx=="jsn-Zed-210248553100-23727093-0"}
fpga -file C:/mueller/SOCL3/pictrlzync/vitiswsp/pictrlver/_ide/bitstream/zedb_sys_wrapper.bit
targets -set -nocase -filter {name =~"APU*"}
loadhw -hw C:/mueller/SOCL3/pictrlzync/vitiswsp/zedbd_zynq/export/zedbd_zynq/hw/zedb_sys_wrapper.xsa -mem-ranges [list {0x40000000 0xbfffffff}] -regs
configparams force-mem-access 1
targets -set -nocase -filter {name =~"APU*"}
source C:/mueller/SOCL3/pictrlzync/vitiswsp/pictrlver/_ide/psinit/ps7_init.tcl
ps7_init
ps7_post_config
targets -set -nocase -filter {name =~ "*A9*#0"}
dow C:/mueller/SOCL3/pictrlzync/vitiswsp/pictrlver/Debug/pictrlver.elf
configparams force-mem-access 0
----------------End of Script----------------

13:09:40 INFO  : Context for processor 'ps7_cortexa9_0' is selected.
13:09:40 INFO  : 'con' command is executed.
13:09:40 INFO  : ----------------XSDB Script (After Launch)----------------
targets -set -nocase -filter {name =~ "*A9*#0"}
con
----------------End of Script----------------

13:09:40 INFO  : Disconnected from the channel tcfchan#20.
13:11:16 INFO  : Checking for BSP changes to sync application flags for project 'pictrlver'...
13:11:35 INFO  : Connected to target on host '127.0.0.1' and port '3121'.
13:11:36 INFO  : Jtag cable 'Digilent Zed 210248553100' is selected.
13:11:36 INFO  : 'jtag frequency' command is executed.
13:11:36 INFO  : Context for 'APU' is selected.
13:11:36 INFO  : System reset is completed.
13:11:39 INFO  : 'after 3000' command is executed.
13:11:39 INFO  : 'targets -set -filter {jtag_cable_name =~ "Digilent Zed 210248553100" && level==0 && jtag_device_ctx=="jsn-Zed-210248553100-23727093-0"}' command is executed.
13:11:41 INFO  : Device configured successfully with "C:/mueller/SOCL3/pictrlzync/vitiswsp/pictrlver/_ide/bitstream/zedb_sys_wrapper.bit"
13:11:41 INFO  : Context for 'APU' is selected.
13:11:41 INFO  : Hardware design and registers information is loaded from 'C:/mueller/SOCL3/pictrlzync/vitiswsp/zedbd_zynq/export/zedbd_zynq/hw/zedb_sys_wrapper.xsa'.
13:11:41 INFO  : 'configparams force-mem-access 1' command is executed.
13:11:41 INFO  : Context for 'APU' is selected.
13:11:41 INFO  : Sourcing of 'C:/mueller/SOCL3/pictrlzync/vitiswsp/pictrlver/_ide/psinit/ps7_init.tcl' is done.
13:11:42 INFO  : 'ps7_init' command is executed.
13:11:42 INFO  : 'ps7_post_config' command is executed.
13:11:42 INFO  : Context for processor 'ps7_cortexa9_0' is selected.
13:11:42 INFO  : The application 'C:/mueller/SOCL3/pictrlzync/vitiswsp/pictrlver/Debug/pictrlver.elf' is downloaded to processor 'ps7_cortexa9_0'.
13:11:42 INFO  : 'configparams force-mem-access 0' command is executed.
13:11:42 INFO  : ----------------XSDB Script----------------
connect -url tcp:127.0.0.1:3121
targets -set -nocase -filter {name =~"APU*"}
rst -system
after 3000
targets -set -filter {jtag_cable_name =~ "Digilent Zed 210248553100" && level==0 && jtag_device_ctx=="jsn-Zed-210248553100-23727093-0"}
fpga -file C:/mueller/SOCL3/pictrlzync/vitiswsp/pictrlver/_ide/bitstream/zedb_sys_wrapper.bit
targets -set -nocase -filter {name =~"APU*"}
loadhw -hw C:/mueller/SOCL3/pictrlzync/vitiswsp/zedbd_zynq/export/zedbd_zynq/hw/zedb_sys_wrapper.xsa -mem-ranges [list {0x40000000 0xbfffffff}] -regs
configparams force-mem-access 1
targets -set -nocase -filter {name =~"APU*"}
source C:/mueller/SOCL3/pictrlzync/vitiswsp/pictrlver/_ide/psinit/ps7_init.tcl
ps7_init
ps7_post_config
targets -set -nocase -filter {name =~ "*A9*#0"}
dow C:/mueller/SOCL3/pictrlzync/vitiswsp/pictrlver/Debug/pictrlver.elf
configparams force-mem-access 0
----------------End of Script----------------

13:11:42 INFO  : Context for processor 'ps7_cortexa9_0' is selected.
13:11:42 INFO  : 'con' command is executed.
13:11:42 INFO  : ----------------XSDB Script (After Launch)----------------
targets -set -nocase -filter {name =~ "*A9*#0"}
con
----------------End of Script----------------

13:11:42 INFO  : Disconnected from the channel tcfchan#21.
13:17:23 INFO  : Checking for BSP changes to sync application flags for project 'pictrlver'...
13:17:30 INFO  : Connected to target on host '127.0.0.1' and port '3121'.
13:17:30 INFO  : Jtag cable 'Digilent Zed 210248553100' is selected.
13:17:30 INFO  : 'jtag frequency' command is executed.
13:17:30 INFO  : Context for 'APU' is selected.
13:17:31 INFO  : System reset is completed.
13:17:34 INFO  : 'after 3000' command is executed.
13:17:34 INFO  : 'targets -set -filter {jtag_cable_name =~ "Digilent Zed 210248553100" && level==0 && jtag_device_ctx=="jsn-Zed-210248553100-23727093-0"}' command is executed.
13:17:36 INFO  : Device configured successfully with "C:/mueller/SOCL3/pictrlzync/vitiswsp/pictrlver/_ide/bitstream/zedb_sys_wrapper.bit"
13:17:36 INFO  : Context for 'APU' is selected.
13:17:36 INFO  : Hardware design and registers information is loaded from 'C:/mueller/SOCL3/pictrlzync/vitiswsp/zedbd_zynq/export/zedbd_zynq/hw/zedb_sys_wrapper.xsa'.
13:17:36 INFO  : 'configparams force-mem-access 1' command is executed.
13:17:36 INFO  : Context for 'APU' is selected.
13:17:36 INFO  : Sourcing of 'C:/mueller/SOCL3/pictrlzync/vitiswsp/pictrlver/_ide/psinit/ps7_init.tcl' is done.
13:17:36 INFO  : 'ps7_init' command is executed.
13:17:36 INFO  : 'ps7_post_config' command is executed.
13:17:36 INFO  : Context for processor 'ps7_cortexa9_0' is selected.
13:17:37 INFO  : The application 'C:/mueller/SOCL3/pictrlzync/vitiswsp/pictrlver/Debug/pictrlver.elf' is downloaded to processor 'ps7_cortexa9_0'.
13:17:37 INFO  : 'configparams force-mem-access 0' command is executed.
13:17:37 INFO  : ----------------XSDB Script----------------
connect -url tcp:127.0.0.1:3121
targets -set -nocase -filter {name =~"APU*"}
rst -system
after 3000
targets -set -filter {jtag_cable_name =~ "Digilent Zed 210248553100" && level==0 && jtag_device_ctx=="jsn-Zed-210248553100-23727093-0"}
fpga -file C:/mueller/SOCL3/pictrlzync/vitiswsp/pictrlver/_ide/bitstream/zedb_sys_wrapper.bit
targets -set -nocase -filter {name =~"APU*"}
loadhw -hw C:/mueller/SOCL3/pictrlzync/vitiswsp/zedbd_zynq/export/zedbd_zynq/hw/zedb_sys_wrapper.xsa -mem-ranges [list {0x40000000 0xbfffffff}] -regs
configparams force-mem-access 1
targets -set -nocase -filter {name =~"APU*"}
source C:/mueller/SOCL3/pictrlzync/vitiswsp/pictrlver/_ide/psinit/ps7_init.tcl
ps7_init
ps7_post_config
targets -set -nocase -filter {name =~ "*A9*#0"}
dow C:/mueller/SOCL3/pictrlzync/vitiswsp/pictrlver/Debug/pictrlver.elf
configparams force-mem-access 0
----------------End of Script----------------

13:17:37 INFO  : Context for processor 'ps7_cortexa9_0' is selected.
13:17:37 INFO  : 'con' command is executed.
13:17:37 INFO  : ----------------XSDB Script (After Launch)----------------
targets -set -nocase -filter {name =~ "*A9*#0"}
con
----------------End of Script----------------

13:17:37 INFO  : Disconnected from the channel tcfchan#22.
13:23:42 INFO  : Checking for BSP changes to sync application flags for project 'pictrlver'...
13:23:53 INFO  : Checking for BSP changes to sync application flags for project 'pictrlver'...
13:24:00 INFO  : Connected to target on host '127.0.0.1' and port '3121'.
13:24:01 INFO  : Jtag cable 'Digilent Zed 210248553100' is selected.
13:24:01 INFO  : 'jtag frequency' command is executed.
13:24:01 INFO  : Context for 'APU' is selected.
13:24:01 INFO  : System reset is completed.
13:24:04 INFO  : 'after 3000' command is executed.
13:24:04 INFO  : 'targets -set -filter {jtag_cable_name =~ "Digilent Zed 210248553100" && level==0 && jtag_device_ctx=="jsn-Zed-210248553100-23727093-0"}' command is executed.
13:24:06 INFO  : Device configured successfully with "C:/mueller/SOCL3/pictrlzync/vitiswsp/pictrlver/_ide/bitstream/zedb_sys_wrapper.bit"
13:24:06 INFO  : Context for 'APU' is selected.
13:24:06 INFO  : Hardware design and registers information is loaded from 'C:/mueller/SOCL3/pictrlzync/vitiswsp/zedbd_zynq/export/zedbd_zynq/hw/zedb_sys_wrapper.xsa'.
13:24:06 INFO  : 'configparams force-mem-access 1' command is executed.
13:24:06 INFO  : Context for 'APU' is selected.
13:24:06 INFO  : Sourcing of 'C:/mueller/SOCL3/pictrlzync/vitiswsp/pictrlver/_ide/psinit/ps7_init.tcl' is done.
13:24:07 INFO  : 'ps7_init' command is executed.
13:24:07 INFO  : 'ps7_post_config' command is executed.
13:24:07 INFO  : Context for processor 'ps7_cortexa9_0' is selected.
13:24:07 INFO  : The application 'C:/mueller/SOCL3/pictrlzync/vitiswsp/pictrlver/Debug/pictrlver.elf' is downloaded to processor 'ps7_cortexa9_0'.
13:24:07 INFO  : 'configparams force-mem-access 0' command is executed.
13:24:07 INFO  : ----------------XSDB Script----------------
connect -url tcp:127.0.0.1:3121
targets -set -nocase -filter {name =~"APU*"}
rst -system
after 3000
targets -set -filter {jtag_cable_name =~ "Digilent Zed 210248553100" && level==0 && jtag_device_ctx=="jsn-Zed-210248553100-23727093-0"}
fpga -file C:/mueller/SOCL3/pictrlzync/vitiswsp/pictrlver/_ide/bitstream/zedb_sys_wrapper.bit
targets -set -nocase -filter {name =~"APU*"}
loadhw -hw C:/mueller/SOCL3/pictrlzync/vitiswsp/zedbd_zynq/export/zedbd_zynq/hw/zedb_sys_wrapper.xsa -mem-ranges [list {0x40000000 0xbfffffff}] -regs
configparams force-mem-access 1
targets -set -nocase -filter {name =~"APU*"}
source C:/mueller/SOCL3/pictrlzync/vitiswsp/pictrlver/_ide/psinit/ps7_init.tcl
ps7_init
ps7_post_config
targets -set -nocase -filter {name =~ "*A9*#0"}
dow C:/mueller/SOCL3/pictrlzync/vitiswsp/pictrlver/Debug/pictrlver.elf
configparams force-mem-access 0
----------------End of Script----------------

13:24:07 INFO  : Context for processor 'ps7_cortexa9_0' is selected.
13:24:07 INFO  : 'con' command is executed.
13:24:07 INFO  : ----------------XSDB Script (After Launch)----------------
targets -set -nocase -filter {name =~ "*A9*#0"}
con
----------------End of Script----------------

13:24:07 INFO  : Disconnected from the channel tcfchan#23.
13:30:31 INFO  : Checking for BSP changes to sync application flags for project 'pictrlver'...
13:31:04 INFO  : Checking for BSP changes to sync application flags for project 'pictrlver'...
13:31:18 INFO  : Checking for BSP changes to sync application flags for project 'pictrlver'...
13:31:45 INFO  : Checking for BSP changes to sync application flags for project 'pictrlver'...
13:31:52 INFO  : Connected to target on host '127.0.0.1' and port '3121'.
13:31:52 INFO  : Jtag cable 'Digilent Zed 210248553100' is selected.
13:31:52 INFO  : 'jtag frequency' command is executed.
13:31:52 INFO  : Context for 'APU' is selected.
13:31:53 INFO  : System reset is completed.
13:31:56 INFO  : 'after 3000' command is executed.
13:31:56 INFO  : 'targets -set -filter {jtag_cable_name =~ "Digilent Zed 210248553100" && level==0 && jtag_device_ctx=="jsn-Zed-210248553100-23727093-0"}' command is executed.
13:31:58 INFO  : Device configured successfully with "C:/mueller/SOCL3/pictrlzync/vitiswsp/pictrlver/_ide/bitstream/zedb_sys_wrapper.bit"
13:31:58 INFO  : Context for 'APU' is selected.
13:31:58 INFO  : Hardware design and registers information is loaded from 'C:/mueller/SOCL3/pictrlzync/vitiswsp/zedbd_zynq/export/zedbd_zynq/hw/zedb_sys_wrapper.xsa'.
13:31:58 INFO  : 'configparams force-mem-access 1' command is executed.
13:31:58 INFO  : Context for 'APU' is selected.
13:31:58 INFO  : Sourcing of 'C:/mueller/SOCL3/pictrlzync/vitiswsp/pictrlver/_ide/psinit/ps7_init.tcl' is done.
13:31:58 INFO  : 'ps7_init' command is executed.
13:31:58 INFO  : 'ps7_post_config' command is executed.
13:31:58 INFO  : Context for processor 'ps7_cortexa9_0' is selected.
13:31:59 INFO  : The application 'C:/mueller/SOCL3/pictrlzync/vitiswsp/pictrlver/Debug/pictrlver.elf' is downloaded to processor 'ps7_cortexa9_0'.
13:31:59 INFO  : 'configparams force-mem-access 0' command is executed.
13:31:59 INFO  : ----------------XSDB Script----------------
connect -url tcp:127.0.0.1:3121
targets -set -nocase -filter {name =~"APU*"}
rst -system
after 3000
targets -set -filter {jtag_cable_name =~ "Digilent Zed 210248553100" && level==0 && jtag_device_ctx=="jsn-Zed-210248553100-23727093-0"}
fpga -file C:/mueller/SOCL3/pictrlzync/vitiswsp/pictrlver/_ide/bitstream/zedb_sys_wrapper.bit
targets -set -nocase -filter {name =~"APU*"}
loadhw -hw C:/mueller/SOCL3/pictrlzync/vitiswsp/zedbd_zynq/export/zedbd_zynq/hw/zedb_sys_wrapper.xsa -mem-ranges [list {0x40000000 0xbfffffff}] -regs
configparams force-mem-access 1
targets -set -nocase -filter {name =~"APU*"}
source C:/mueller/SOCL3/pictrlzync/vitiswsp/pictrlver/_ide/psinit/ps7_init.tcl
ps7_init
ps7_post_config
targets -set -nocase -filter {name =~ "*A9*#0"}
dow C:/mueller/SOCL3/pictrlzync/vitiswsp/pictrlver/Debug/pictrlver.elf
configparams force-mem-access 0
----------------End of Script----------------

13:31:59 INFO  : Context for processor 'ps7_cortexa9_0' is selected.
13:31:59 INFO  : 'con' command is executed.
13:31:59 INFO  : ----------------XSDB Script (After Launch)----------------
targets -set -nocase -filter {name =~ "*A9*#0"}
con
----------------End of Script----------------

13:31:59 INFO  : Disconnected from the channel tcfchan#24.
